<?xml version="1.0" encoding="UTF-8"?>
<!-- Generated by org.testng.reporters.JUnitReportReporter -->
<testsuite skipped="0" hostname="Lubo-PC" name="selenium.testNG.suite.TestDependencyUsingFacebook" tests="2" failures="0" timestamp="03 X 2018 16:29:00 GMT" time="6.727" errors="0">
  <testcase name="openBrowser" time="6.339" classname="selenium.testNG.suite.TestDependencyUsingFacebook"/>
  <testcase name="loginToFacebook" time="0.388" classname="selenium.testNG.suite.TestDependencyUsingFacebook"/>
</testsuite> <!-- selenium.testNG.suite.TestDependencyUsingFacebook -->
