<?xml version="1.0" encoding="UTF-8"?>
<!-- Generated by org.testng.reporters.JUnitReportReporter -->
<testsuite skipped="0" hostname="Lubo-PC" name="selenium.testNG.suite.TestNGAssertion" tests="1" failures="0" timestamp="03 X 2018 16:29:00 GMT" time="1.404" errors="0">
  <testcase name="getTitle" time="1.404" classname="selenium.testNG.suite.TestNGAssertion"/>
</testsuite> <!-- selenium.testNG.suite.TestNGAssertion -->
