<?xml version="1.0" encoding="UTF-8"?>
<!-- Generated by org.testng.reporters.JUnitReportReporter -->
<testsuite skipped="0" hostname="Lubo-PC" name="selenium.testNG.suite.TestDependencyUsingFacebook" tests="2" failures="0" timestamp="03 X 2018 09:43:05 GMT" time="6.130" errors="0">
  <testcase name="openBrowser" time="5.867" classname="selenium.testNG.suite.TestDependencyUsingFacebook"/>
  <testcase name="loginToFacebook" time="0.263" classname="selenium.testNG.suite.TestDependencyUsingFacebook"/>
</testsuite> <!-- selenium.testNG.suite.TestDependencyUsingFacebook -->
