<?xml version="1.0" encoding="UTF-8"?>
<!-- Generated by org.testng.reporters.JUnitReportReporter -->
<testsuite skipped="0" hostname="Lubo-PC" name="bg.pragmatic.shop.DropdownOrders" tests="2" failures="0" timestamp="05 X 2018 11:58:15 GMT" time="4.775" errors="0">
  <testcase name="ordersDropdown" time="1.876" classname="bg.pragmatic.shop.DropdownOrders"/>
  <testcase name="login" time="2.899" classname="bg.pragmatic.shop.DropdownOrders"/>
</testsuite> <!-- bg.pragmatic.shop.DropdownOrders -->
