<?xml version="1.0" encoding="UTF-8"?>
<!-- Generated by org.testng.reporters.JUnitReportReporter -->
<testsuite skipped="0" hostname="Lubo-PC" name="bg.pragmatic.shop.LoginShop" tests="1" failures="0" timestamp="05 X 2018 11:58:15 GMT" time="2.795" errors="0">
  <testcase name="login" time="2.795" classname="bg.pragmatic.shop.LoginShop"/>
</testsuite> <!-- bg.pragmatic.shop.LoginShop -->
