<?xml version="1.0" encoding="UTF-8"?>
<!-- Generated by org.testng.reporters.JUnitReportReporter -->
<testsuite skipped="0" hostname="Lubo-PC" name="bg.pragmatic.shop.FailLogin" tests="1" failures="0" timestamp="05 X 2018 11:58:15 GMT" time="0.997" errors="0">
  <testcase name="login" time="0.997" classname="bg.pragmatic.shop.FailLogin"/>
</testsuite> <!-- bg.pragmatic.shop.FailLogin -->
