<?xml version="1.0" encoding="UTF-8"?>
<testsuite name="Weather.SmokeTests" tests="5" failures="2" errors="0" time="9.413"><properties><property name="soapui.properties" value="soapui.properties"/><property name="java.runtime.name" value="Java(TM) SE Runtime Environment"/><property name="sun.boot.library.path" value="C:\Program Files\SmartBear\SoapUI-5.2.1\jre\bin"/><property name="java.vm.version" value="24.55-b03"/><property name="soapui.ext.actions" value="C:\Program Files\SmartBear\SoapUI-5.2.1\bin\actions"/><property name="user.country.format" value="BG"/><property name="soapui.ext.libraries" value="C:\Program Files\SmartBear\SoapUI-5.2.1\bin\ext"/><property name="java.vm.vendor" value="Oracle Corporation"/><property name="java.vendor.url" value="http://java.oracle.com/"/><property name="path.separator" value=";"/><property name="java.vm.name" value="Java HotSpot(TM) 64-Bit Server VM"/><property name="file.encoding.pkg" value="sun.io"/><property name="user.country" value="US"/><property name="user.script" value=""/><property name="sun.java.launcher" value="SUN_STANDARD"/><property name="sun.os.patch.level" value=""/><property name="java.vm.specification.name" value="Java Virtual Machine Specification"/><property name="user.dir" value="C:\Users\Mitaka_F1\Desktop\WebServices\2016\Day5"/><property name="java.runtime.version" value="1.7.0_55-b13"/><property name="java.awt.graphicsenv" value="sun.awt.Win32GraphicsEnvironment"/><property name="java.endorsed.dirs" value="C:\Program Files\SmartBear\SoapUI-5.2.1\jre\lib\endorsed"/><property name="os.arch" value="amd64"/><property name="java.io.tmpdir" value="C:\Users\MITAKA~1\AppData\Local\Temp\"/><property name="line.separator" value="
"/><property name="java.vm.specification.vendor" value="Oracle Corporation"/><property name="user.variant" value=""/><property name="os.name" value="Windows 8.1"/><property name="sun.jnu.encoding" value="Cp1251"/><property name="java.library.path" value="C:\Program Files\SmartBear\SoapUI-5.2.1\jre\bin;C:\WINDOWS\Sun\Java\bin;C:\WINDOWS\system32;C:\WINDOWS;C:\Tools\Python27\;C:\Tools\Python27\Scripts;C:\ProgramData\Oracle\Java\javapath;C:\WINDOWS\system32;C:\WINDOWS;C:\WINDOWS\System32\Wbem;C:\WINDOWS\System32\WindowsPowerShell\v1.0\;C:\Program Files\Git\cmd;C:\Program Files\Git\mingw64\bin;C:\Program Files\Git\usr\bin;C:\Program Files (x86)\Skype\Phone\;C:\Program Files\nodejs\;C:\Tools\android-sdk\platform-tools;C:\Tools\android-sdk\tools;C:\Tools\apache-maven\bin;C:\Program Files\Java\jdk1.8.0_73\bin;C:\Tools\apache-jmeter\bin;C:\Tools\gatling\bin;;C:\Program Files (x86)\Microsoft VS Code\bin;C:\Users\Mitaka_F1\AppData\Roaming\npm;."/><property name="soapui.home" value="C:\Program Files\SmartBear\SoapUI-5.2.1\bin\"/><property name="sun.awt.enableExtraMouseButtons" value="true"/><property name="java.specification.name" value="Java Platform API Specification"/><property name="java.class.version" value="51.0"/><property name="sun.management.compiler" value="HotSpot 64-Bit Tiered Compilers"/><property name="os.version" value="6.3"/><property name="user.home" value="C:\Users\Mitaka_F1"/><property name="user.timezone" value="Europe/Helsinki"/><property name="java.awt.printerjob" value="sun.awt.windows.WPrinterJob"/><property name="file.encoding" value="Cp1251"/><property name="java.specification.version" value="1.7"/><property name="java.class.path" value="C:\Program Files\SmartBear\SoapUI-5.2.1\bin\soapui-5.2.1.jar;C:\Program Files\SmartBear\SoapUI-5.2.1\bin\..\lib\activation-1.1.jar;C:\Program Files\SmartBear\SoapUI-5.2.1\bin\..\lib\analytics-core-5.2.1.jar;C:\Program Files\SmartBear\SoapUI-5.2.1\bin\..\lib\animal-sniffer-annotations-1.11.jar;C:\Program Files\SmartBear\SoapUI-5.2.1\bin\..\lib\bcprov-jdk15-144.jar;C:\Program Files\SmartBear\SoapUI-5.2.1\bin\..\lib\binding-2.0.1.jar;C:\Program Files\SmartBear\SoapUI-5.2.1\bin\..\lib\cajo-1.142.jar;C:\Program Files\SmartBear\SoapUI-5.2.1\bin\..\lib\commons-beanutils-1.7.0.jar;C:\Program Files\SmartBear\SoapUI-5.2.1\bin\..\lib\commons-cli-1.2.jar;C:\Program Files\SmartBear\SoapUI-5.2.1\bin\..\lib\commons-codec-1.3.jar;C:\Program Files\SmartBear\SoapUI-5.2.1\bin\..\lib\commons-collections-3.2.1.jar;C:\Program Files\SmartBear\SoapUI-5.2.1\bin\..\lib\commons-httpclient-3.1.jar;C:\Program Files\SmartBear\SoapUI-5.2.1\bin\..\lib\commons-io-2.4.jar;C:\Program Files\SmartBear\SoapUI-5.2.1\bin\..\lib\commons-lang-2.4.jar;C:\Program Files\SmartBear\SoapUI-5.2.1\bin\..\lib\commons-logging-1.1.1.jar;C:\Program Files\SmartBear\SoapUI-5.2.1\bin\..\lib\cssparser-0.9.5.jar;C:\Program Files\SmartBear\SoapUI-5.2.1\bin\..\lib\dom4j-1.6.1.jar;C:\Program Files\SmartBear\SoapUI-5.2.1\bin\..\lib\ezmorph-1.0.5.jar;C:\Program Files\SmartBear\SoapUI-5.2.1\bin\..\lib\flex-messaging-common-1.0.jar;C:\Program Files\SmartBear\SoapUI-5.2.1\bin\..\lib\flex-messaging-core-1.0.jar;C:\Program Files\SmartBear\SoapUI-5.2.1\bin\..\lib\flex-messaging-opt-1.0.jar;C:\Program Files\SmartBear\SoapUI-5.2.1\bin\..\lib\flex-messaging-proxy-1.0.jar;C:\Program Files\SmartBear\SoapUI-5.2.1\bin\..\lib\flex-messaging-remoting-1.0.jar;C:\Program Files\SmartBear\SoapUI-5.2.1\bin\..\lib\forms-1.0.7.jar;C:\Program Files\SmartBear\SoapUI-5.2.1\bin\..\lib\groovy-all-2.1.7.jar;C:\Program Files\SmartBear\SoapUI-5.2.1\bin\..\lib\guava-14.0.jar;C:\Program Files\SmartBear\SoapUI-5.2.1\bin\..\lib\hamcrest-core-1.3.jar;C:\Program Files\SmartBear\SoapUI-5.2.1\bin\..\lib\hermes-1.14.jar;C:\Program Files\SmartBear\SoapUI-5.2.1\bin\..\lib\htmlunit-2.7.jar;C:\Program Files\SmartBear\SoapUI-5.2.1\bin\..\lib\htmlunit-core-js-2.7.jar;C:\Program Files\SmartBear\SoapUI-5.2.1\bin\..\lib\httpclient-4.1.1.jar;C:\Program Files\SmartBear\SoapUI-5.2.1\bin\..\lib\httpclient-cache-4.1.1.jar;C:\Program Files\SmartBear\SoapUI-5.2.1\bin\..\lib\httpcore-4.1.1.jar;C:\Program Files\SmartBear\SoapUI-5.2.1\bin\..\lib\httpcore-nio-4.1.1.jar;C:\Program Files\SmartBear\SoapUI-5.2.1\bin\..\lib\httpmime-4.1.1.jar;C:\Program Files\SmartBear\SoapUI-5.2.1\bin\..\lib\i4jruntime-5.1.14.jar;C:\Program Files\SmartBear\SoapUI-5.2.1\bin\..\lib\javassist-3.16.1-GA.jar;C:\Program Files\SmartBear\SoapUI-5.2.1\bin\..\lib\jaxen-1.1-beta-8.jar;C:\Program Files\SmartBear\SoapUI-5.2.1\bin\..\lib\jcifs-1.2.9.jar;C:\Program Files\SmartBear\SoapUI-5.2.1\bin\..\lib\jdom-1.0.jar;C:\Program Files\SmartBear\SoapUI-5.2.1\bin\..\lib\jettison-1.2.jar;C:\Program Files\SmartBear\SoapUI-5.2.1\bin\..\lib\jetty-6.1.26.jar;C:\Program Files\SmartBear\SoapUI-5.2.1\bin\..\lib\jetty-util-6.1.26.jar;C:\Program Files\SmartBear\SoapUI-5.2.1\bin\..\lib\jms-1.1.jar;C:\Program Files\SmartBear\SoapUI-5.2.1\bin\..\lib\joda-time-1.6.2.jar;C:\Program Files\SmartBear\SoapUI-5.2.1\bin\..\lib\js-1.7R2.jar;C:\Program Files\SmartBear\SoapUI-5.2.1\bin\..\lib\json-lib-2.2.2-jdk15.jar;C:\Program Files\SmartBear\SoapUI-5.2.1\bin\..\lib\json-path-0.9.1.jar;C:\Program Files\SmartBear\SoapUI-5.2.1\bin\..\lib\json-smart-1.2.jar;C:\Program Files\SmartBear\SoapUI-5.2.1\bin\..\lib\jsr173_api-1.0.jar;C:\Program Files\SmartBear\SoapUI-5.2.1\bin\..\lib\jtidy-r872-jdk15.jar;C:\Program Files\SmartBear\SoapUI-5.2.1\bin\..\lib\junit-4.11.jar;C:\Program Files\SmartBear\SoapUI-5.2.1\bin\..\lib\l2fprod-common-directorychooser-7.3.jar;C:\Program Files\SmartBear\SoapUI-5.2.1\bin\..\lib\l2fprod-common-fontchooser-7.3.jar;C:\Program Files\SmartBear\SoapUI-5.2.1\bin\..\lib\log4j-1.2.14.jar;C:\Program Files\SmartBear\SoapUI-5.2.1\bin\..\lib\looks-2.2.0.jar;C:\Program Files\SmartBear\SoapUI-5.2.1\bin\..\lib\mail-1.4.jar;C:\Program Files\SmartBear\SoapUI-5.2.1\bin\..\lib\maven-plugin-api-2.0.jar;C:\Program Files\SmartBear\SoapUI-5.2.1\bin\..\lib\nekohtml-1.9.14.jar;C:\Program Files\SmartBear\SoapUI-5.2.1\bin\..\lib\not-yet-commons-ssl-0.3.11.jar;C:\Program Files\SmartBear\SoapUI-5.2.1\bin\..\lib\opensaml-2.5.1-1.jar;C:\Program Files\SmartBear\SoapUI-5.2.1\bin\..\lib\openws-1.4.2-1.jar;C:\Program Files\SmartBear\SoapUI-5.2.1\bin\..\lib\org.apache.oltu.oauth2.client-0.31.jar;C:\Program Files\SmartBear\SoapUI-5.2.1\bin\..\lib\org.apache.oltu.oauth2.common-0.31.jar;C:\Program Files\SmartBear\SoapUI-5.2.1\bin\..\lib\org.apache.oltu.oauth2.httpclient4-0.31.jar;C:\Program Files\SmartBear\SoapUI-5.2.1\bin\..\lib\out-app-analytics-provider-5.2.1.jar;C:\Program Files\SmartBear\SoapUI-5.2.1\bin\..\lib\proxy-vole-20131209.jar;C:\Program Files\SmartBear\SoapUI-5.2.1\bin\..\lib\reflections-0.9.9-RC1.jar;C:\Program Files\SmartBear\SoapUI-5.2.1\bin\..\lib\rsyntaxtextarea-2.5.0.jar;C:\Program Files\SmartBear\SoapUI-5.2.1\bin\..\lib\sac-1.3.jar;C:\Program Files\SmartBear\SoapUI-5.2.1\bin\..\lib\saxon-9.1.0.8j.jar;C:\Program Files\SmartBear\SoapUI-5.2.1\bin\..\lib\saxon-dom-9.1.0.8j.jar;C:\Program Files\SmartBear\SoapUI-5.2.1\bin\..\lib\serializer-2.7.1.jar;C:\Program Files\SmartBear\SoapUI-5.2.1\bin\..\lib\servlet-api-2.5-20081211.jar;C:\Program Files\SmartBear\SoapUI-5.2.1\bin\..\lib\slf4j-api-1.6.1.jar;C:\Program Files\SmartBear\SoapUI-5.2.1\bin\..\lib\swingx-soapui.jar;C:\Program Files\SmartBear\SoapUI-5.2.1\bin\..\lib\ws-commons-util-1.0.2.jar;C:\Program Files\SmartBear\SoapUI-5.2.1\bin\..\lib\wsdl4j-1.6.2-fixed.jar;C:\Program Files\SmartBear\SoapUI-5.2.1\bin\..\lib\wss4j-1.6.16.jar;C:\Program Files\SmartBear\SoapUI-5.2.1\bin\..\lib\xalan-2.7.1.jar;C:\Program Files\SmartBear\SoapUI-5.2.1\bin\..\lib\xbean-fixed-2.4.0.jar;C:\Program Files\SmartBear\SoapUI-5.2.1\bin\..\lib\xbean_xpath-2.4.0.jar;C:\Program Files\SmartBear\SoapUI-5.2.1\bin\..\lib\xercesImpl-2.9.1.jar;C:\Program Files\SmartBear\SoapUI-5.2.1\bin\..\lib\xml-apis-1.3.04.jar;C:\Program Files\SmartBear\SoapUI-5.2.1\bin\..\lib\xml-apis-2.9.1.jar;C:\Program Files\SmartBear\SoapUI-5.2.1\bin\..\lib\xmlParserAPIs-2.6.2.jar;C:\Program Files\SmartBear\SoapUI-5.2.1\bin\..\lib\xmlpublic-2.4.0.jar;C:\Program Files\SmartBear\SoapUI-5.2.1\bin\..\lib\xmlsec-1.4.5.jar;C:\Program Files\SmartBear\SoapUI-5.2.1\bin\..\lib\xmltooling-1.3.2-1.jar;C:\Program Files\SmartBear\SoapUI-5.2.1\bin\..\lib\xmlunit-1.2.jar;C:\Program Files\SmartBear\SoapUI-5.2.1\bin\..\lib\xom-1.1.jar;C:\Program Files\SmartBear\SoapUI-5.2.1\bin\..\lib\xstream-1.3.1.jar;C:\Program Files\SmartBear\SoapUI-5.2.1\jre\lib\jfxrt.jar"/><property name="user.name" value="Mitaka_F1"/><property name="soapui.ext.listeners" value="C:\Program Files\SmartBear\SoapUI-5.2.1\bin\listeners"/><property name="java.vm.specification.version" value="1.7"/><property name="sun.java.command" value="com.eviware.soapui.tools.SoapUITestCaseRunner -r -a -j -J Weather-soapui-project.xml -fresult"/><property name="java.home" value="C:\Program Files\SmartBear\SoapUI-5.2.1\jre"/><property name="sun.arch.data.model" value="64"/><property name="user.language" value="en"/><property name="java.specification.vendor" value="Oracle Corporation"/><property name="user.language.format" value="bg"/><property name="awt.toolkit" value="sun.awt.windows.WToolkit"/><property name="java.vm.info" value="mixed mode"/><property name="java.version" value="1.7.0_55"/><property name="java.ext.dirs" value="C:\Program Files\SmartBear\SoapUI-5.2.1\jre\lib\ext;C:\WINDOWS\Sun\Java\lib\ext"/><property name="sun.boot.class.path" value="C:\Program Files\SmartBear\SoapUI-5.2.1\jre\lib\resources.jar;C:\Program Files\SmartBear\SoapUI-5.2.1\jre\lib\rt.jar;C:\Program Files\SmartBear\SoapUI-5.2.1\jre\lib\sunrsasign.jar;C:\Program Files\SmartBear\SoapUI-5.2.1\jre\lib\jsse.jar;C:\Program Files\SmartBear\SoapUI-5.2.1\jre\lib\jce.jar;C:\Program Files\SmartBear\SoapUI-5.2.1\jre\lib\charsets.jar;C:\Program Files\SmartBear\SoapUI-5.2.1\jre\lib\jfr.jar;C:\Program Files\SmartBear\SoapUI-5.2.1\jre\classes"/><property name="java.vendor" value="Oracle Corporation"/><property name="file.separator" value="\"/><property name="java.vendor.url.bug" value="http://bugreport.sun.com/bugreport/"/><property name="sun.io.unicode.encoding" value="UnicodeLittle"/><property name="sun.cpu.endian" value="little"/><property name="sun.desktop" value="windows"/><property name="sun.cpu.isalist" value="amd64"/></properties><testcase name="Demonstrate different asserts" time="5.409"><properties/><failure type="Cancelling due to failed test step" message="Cancelling due to failed test step"><![CDATA[<h3><b>01. GetWeatherInfo Failed</b></h3><pre>[Response SLA] Response did not meet SLA 3670/2000
</pre><hr/>]]></failure></testcase><testcase name="Property step example" time="0.885"><properties/></testcase><testcase name="Property levels" time="0.574"><properties><property name="ZIP" value="10007"/><property name="City" value="New York"/></properties></testcase><testcase name="Loops" time="0.382"><properties/></testcase><testcase name="DataDrivenTests" time="2.163"><properties><property name="ZIP" value="10004"/><property name="City" value="Los Angeles"/></properties><failure type="Cancelling due to failed test step" message="Cancelling due to failed test step"><![CDATA[<h3><b>GetWeatherByZIP Failed</b></h3><pre>[XPath Match] XPathContains comparison failed for path [declare namespace ns1='http://ws.cdyne.com/WeatherWS/';
//ns1:City/text()], expecting [Los Angeles], actual was [New York]
</pre><hr/><h3><b>GetWeatherByZIP (DataDriven calls ot SOAP step) Failed</b></h3><pre></pre><hr/>]]></failure></testcase></testsuite>