<?xml version="1.0" encoding="UTF-8"?>
<!-- Generated by org.testng.reporters.JUnitReportReporter -->
<testsuite skipped="0" hostname="AsenMarkov-PC" name="bg.pragmatic.shop.NegativeRegister" tests="1" failures="0" timestamp="30 X 2018 19:08:42 GMT" time="2.465" errors="0">
  <testcase name="register" time="2.465" classname="bg.pragmatic.shop.NegativeRegister"/>
</testsuite> <!-- bg.pragmatic.shop.NegativeRegister -->
