<?xml version="1.0" encoding="UTF-8"?>
<!-- Generated by org.testng.reporters.JUnitReportReporter -->
<testsuite skipped="0" hostname="AsenMarkov-PC" name="bg.pragmatic.shop.PositiveRegister" tests="2" failures="0" timestamp="30 X 2018 19:55:48 GMT" time="6.718" errors="0">
  <testcase name="register" time="4.409" classname="bg.pragmatic.shop.PositiveRegister"/>
  <testcase name="login" time="2.309" classname="bg.pragmatic.shop.PositiveRegister"/>
</testsuite> <!-- bg.pragmatic.shop.PositiveRegister -->
