<?xml version="1.0" encoding="UTF-8"?>
<!-- Generated by org.testng.reporters.JUnitReportReporter -->
<testsuite skipped="0" hostname="Lubo-PC" name="bg.pragmatic.shop.LoginShop" tests="1" failures="0" timestamp="10 X 2018 08:51:08 GMT" time="1.938" errors="0">
  <testcase name="login" time="1.938" classname="bg.pragmatic.shop.LoginShop"/>
</testsuite> <!-- bg.pragmatic.shop.LoginShop -->
