<?xml version="1.0" encoding="UTF-8"?>
<!-- Generated by org.testng.reporters.JUnitReportReporter -->
<testsuite skipped="0" hostname="Lubo-PC" name="bg.pragmatic.shop.DropdownOrders" tests="2" failures="0" timestamp="04 X 2018 11:48:30 GMT" time="5.094" errors="0">
  <testcase name="ordersDropdown" time="1.364" classname="bg.pragmatic.shop.DropdownOrders"/>
  <testcase name="login" time="3.730" classname="bg.pragmatic.shop.DropdownOrders"/>
</testsuite> <!-- bg.pragmatic.shop.DropdownOrders -->
