<?xml version="1.0" encoding="UTF-8"?>
<!-- Generated by org.testng.reporters.JUnitReportReporter -->
<testsuite skipped="0" hostname="Lubo-PC" name="bg.pragmatic.shop.multipleColorSellect" tests="1" failures="0" timestamp="05 X 2018 15:52:57 GMT" time="0.762" errors="0">
  <testcase name="multipleSelect" time="0.762" classname="bg.pragmatic.shop.multipleColorSellect"/>
</testsuite> <!-- bg.pragmatic.shop.multipleColorSellect -->
