<?xml version="1.0" encoding="UTF-8"?>
<!-- Generated by org.testng.reporters.JUnitReportReporter -->
<testsuite skipped="0" hostname="Lubo-PC" name="bg.pragmatic.shop.Demos.TestExampleDemos" tests="1" failures="0" timestamp="05 X 2018 15:28:29 GMT" time="7.322" errors="0">
  <testcase name="testWithWait" time="7.322" classname="bg.pragmatic.shop.Demos.TestExampleDemos"/>
</testsuite> <!-- bg.pragmatic.shop.Demos.TestExampleDemos -->
