<?xml version="1.0" encoding="UTF-8"?>
<!-- Generated by org.testng.reporters.JUnitReportReporter -->
<testsuite skipped="0" hostname="Lubo-PC" name="findRestorant.FailLogin" tests="1" failures="0" timestamp="07 X 2018 11:20:15 GMT" time="0.837" errors="0">
  <testcase name="login" time="0.837" classname="findRestorant.FailLogin"/>
</testsuite> <!-- findRestorant.FailLogin -->
