<?xml version="1.0" encoding="UTF-8"?>
<!-- Generated by org.testng.reporters.JUnitReportReporter -->
<testsuite skipped="0" hostname="Lubo-PC" name="findRestorant.LocateRestorant" tests="1" failures="0" timestamp="07 X 2018 11:39:24 GMT" time="11.787" errors="0">
  <testcase name="testWithWait" time="11.787" classname="findRestorant.LocateRestorant"/>
</testsuite> <!-- findRestorant.LocateRestorant -->
